<?xml version="1.0" encoding="UTF-8"?>
<testng-results skipped="0" failed="0" ignored="0" total="1" passed="1">
  <reporter-output>
  </reporter-output>
  <suite name="testingMcPizzaTestCases.AppTest" duration-ms="38366" started-at="2022-11-17T13:50:54 IST" finished-at="2022-11-17T13:51:33 IST">
    <groups>
    </groups>
    <test name="Command line test" duration-ms="38366" started-at="2022-11-17T13:50:54 IST" finished-at="2022-11-17T13:51:33 IST">
      <class name="testingMcPizzaTestCases.AppTest">
        <test-method status="PASS" signature="loginToApplication()[pri:0, instance:testingMcPizzaTestCases.AppTest@57536d79]" name="loginToApplication" duration-ms="38253" started-at="2022-11-17T13:50:54 IST" finished-at="2022-11-17T13:51:33 IST">
          <reporter-output>
          </reporter-output>
        </test-method> <!-- loginToApplication -->
      </class> <!-- testingMcPizzaTestCases.AppTest -->
    </test> <!-- Command line test -->
  </suite> <!-- testingMcPizzaTestCases.AppTest -->
</testng-results>
