<?xml version="1.0" encoding="UTF-8"?>
<testng-results skipped="0" failed="0" total="1" passed="1">
  <reporter-output>
  </reporter-output>
  <suite name="Suite" duration-ms="36854" started-at="2022-11-17T08:31:26Z" finished-at="2022-11-17T08:32:03Z">
    <groups>
    </groups>
    <test name="Test" duration-ms="36854" started-at="2022-11-17T08:31:26Z" finished-at="2022-11-17T08:32:03Z">
      <class name="testingMcPizzaTestCases.AppTest">
        <test-method status="PASS" signature="loginToApplication()[pri:0, instance:testingMcPizzaTestCases.AppTest@340f438e]" name="loginToApplication" duration-ms="36818" started-at="2022-11-17T14:01:26Z" finished-at="2022-11-17T14:02:03Z">
          <reporter-output>
          </reporter-output>
        </test-method> <!-- loginToApplication -->
      </class> <!-- testingMcPizzaTestCases.AppTest -->
    </test> <!-- Test -->
  </suite> <!-- Suite -->
</testng-results>
